../../hacking/shell-backdoor-list/shell/php/wordpress.php ==> exec
../../hacking/shell-backdoor-list/shell/php/wordpress.php ==> eval
../../hacking/shell-backdoor-list/shell/php/p0wny-shell.php ==> shell
../../hacking/shell-backdoor-list/shell/php/p0wny-shell.php ==> exec
../../hacking/shell-backdoor-list/shell/php/p0wny-shell.php ==> shell_exec
../../hacking/shell-backdoor-list/shell/php/b374k.php ==> shell
../../hacking/shell-backdoor-list/shell/php/b374k.php ==> exec
../../hacking/shell-backdoor-list/shell/php/b374k.php ==> shell_exec
../../hacking/shell-backdoor-list/shell/php/b374k.php ==> eval
../../hacking/shell-backdoor-list/shell/php/b374k.php ==> sex
../../hacking/shell-backdoor-list/shell/php/indoxploit.php ==> eval
../../hacking/shell-backdoor-list/shell/php/r57.php ==> shell
../../hacking/shell-backdoor-list/shell/php/r57.php ==> exec
../../hacking/shell-backdoor-list/shell/php/r57.php ==> shell_exec
../../hacking/shell-backdoor-list/shell/php/r57.php ==> eval
../../hacking/shell-backdoor-list/shell/php/webadmin.php ==> exec
../../hacking/shell-backdoor-list/shell/php/marion001.php ==> shell
../../hacking/shell-backdoor-list/shell/php/marion001.php ==> hot
../../hacking/shell-backdoor-list/shell/php/wso.php ==> shell
../../hacking/shell-backdoor-list/shell/php/wso.php ==> exec
../../hacking/shell-backdoor-list/shell/php/wso.php ==> shell_exec
../../hacking/shell-backdoor-list/shell/php/wso.php ==> eval
../../hacking/shell-backdoor-list/shell/php/wso.php ==> sex
../../hacking/shell-backdoor-list/shell/php/ak47shell.php ==> shell
../../hacking/shell-backdoor-list/shell/php/ak47shell.php ==> exec
../../hacking/shell-backdoor-list/shell/php/ak47shell.php ==> eval
../../hacking/shell-backdoor-list/shell/php/sadrazam.php ==> eval
../../hacking/shell-backdoor-list/shell/php/sadrazam.php ==> sex
../../hacking/shell-backdoor-list/shell/php/0byt3m1n1.php ==> shell
../../hacking/shell-backdoor-list/shell/php/0byt3m1n1.php ==> eval
